(03:59:31) : Login to user harvie failed
(03:59:47) : Login to user roflmajstr failed
(03:59:56) : Login to user harvie failed
(04:04:12) : Login to user harvie successfull
(04:04:12) : Login to user harvie failed
(04:06:34) : Login to user  failed
(04:06:55) : Login to user  failed
(04:07:01) : Login to user harvie successfull
(04:14:42) : Login to user harvie successfull
(04:15:02) : Login to user guest successfull
(04:17:52) : Login to user guest successfull
(04:18:59) 127.0.0.1: Login to user guest successfull
(04:21:13) : Login to user guest successfull
(04:21:31) 127.0.0.1: Login to user guest successfull
(04:22:27) 127.0.0.1: Login to user guest successfull
(04:22:44) : Login to user guest successfull
(04:24:41) : Login to user harvie successfull
(04:29:17) : Login to user guest successfull
(00:42:57) : Login to user harvie successfull
(23:28:36) : Login to user harvie successfull
(01:31:31) : Login to user harvie successfull
(01:38:48) : Login to user harvie successfull
(01:27:50) : Login to user harvie successfull
(01:51:42) : Login to user harvie successfull
(01:53:23) : Login to user harvie successfull
(01:54:34) : Login to user harvie successfull
(01:55:23) : Login to user harvie successfull
(01:56:25) : Login to user harvie successfull
(01:58:32) : Login to user harvie successfull
(01:59:21) : Login to user harvie successfull
(02:00:24) : Login to user harvie successfull
(02:02:44) : Login to user harvie successfull
(02:03:35) : Login to user harvie successfull
(02:04:19) : Login to user harvie successfull
(02:04:56) : Login to user harvie successfull
(02:05:36) : Login to user harvie successfull
(02:07:44) : Login to user harvie successfull
(02:17:35) : Login to user harvie successfull
(02:18:04) : Login to user harvie successfull
(02:22:56) : Login to user harvie successfull
(02:23:16) : Login to user harvie successfull
(02:26:01) : Login to user harvie successfull
(02:27:47) : Login to user harvie successfull
(02:30:42) : Login to user harvie successfull
(02:34:25) : Login to user harvie successfull
(02:34:45) : Login to user harvie successfull
(02:36:27) : Login to user harvie successfull
(02:38:53) : Login to user harvie successfull
(02:39:58) : Login to user harvie successfull
(02:45:14) : Login to user harvie successfull
(02:46:18) : Login to user harvie successfull
(02:50:42) : Login to user harvie successfull
(02:51:55) : Login to user harvie successfull
(02:52:16) : Login to user harvie successfull
(02:53:32) : Login to user harvie successfull
(02:56:16) : Login to user harvie successfull
(02:58:18) : Login to user harvie successfull
(02:59:43) : Login to user harvie successfull
(03:01:10) : Login to user harvie successfull
(03:03:20) : Login to user harvie successfull
(03:05:21) : Login to user harvie successfull
(03:09:29) : Login to user harvie successfull
(03:10:44) : Login to user harvie successfull
(03:12:41) : Login to user harvie successfull
(03:19:49) : Login to user harvie successfull
(03:21:38) : Login to user harvie successfull
(03:22:18) : Login to user harvie successfull
(03:23:00) : Login to user harvie successfull
(03:23:26) : Login to user harvie successfull
(00:53:40) : Login to user harvie successfull
(00:56:26) : Login to user harvie successfull
(01:08:02) : Login to user harvie successfull
(01:22:36) : Login to user harvie successfull
(01:38:57) : Login to user harvie successfull
(01:39:34) : Login to user guest successfull
(01:41:36) : Login to user admin failed
(01:41:40) : Login to user admin failed
(01:41:54) : Login to user admin successfull
(01:47:50) : Login to user harvie successfull
(15:17:40) : Login to user harvie successfull
(15:25:00) : Login to user harvie successfull
(15:26:20) : Login to user harvie successfull
(15:28:38) : Login to user harvie successfull
(20:39:07) : Login to user harvie successfull
(23:32:54) : Login to user harvie successfull
(00:47:51) 127.0.0.1: Login to user harvie successfull
(00:48:24) 127.0.0.1: Login to user guest successfull
(00:49:27) 127.0.0.1: Login to user harvie successfull
